[    0.000000] Initializing cgroup subsys cpuset
[    0.000000] Initializing cgroup subsys cpu
[    0.000000] Initializing cgroup subsys cpuacct
[    0.000000] Linux version 4.4.0-210-generic (buildd@lgw01-amd64-009) (gcc version 5.4.0 20160609 (Ubuntu 5.4.0-6ubuntu1~16.04.12) ) #242-Ubuntu SMP Fri Apr 16 09:57:56 UTC 2021 (Ubuntu 4.4.0-210.242-generic 4.4.262)
[    0.000000] Command line: BOOT_IMAGE=/boot/vmlinuz-4.4.0-210-generic root=LABEL=cloudimg-rootfs ro console=tty1 console=ttyS0
[    0.000000] KERNEL supported cpus:
[    0.000000]   Intel GenuineIntel
[    0.000000]   AMD AuthenticAMD
[    0.000000]   Centaur CentaurHauls
[    0.000000] x86/fpu: xstate_offset[2]:  576, xstate_sizes[2]:  256
[    0.000000] x86/fpu: Supporting XSAVE feature 0x01: 'x87 floating point registers'
[    0.000000] x86/fpu: Supporting XSAVE feature 0x02: 'SSE registers'
[    0.000000] x86/fpu: Supporting XSAVE feature 0x04: 'AVX registers'
[    0.000000] x86/fpu: Enabled xstate features 0x7, context size is 832 bytes, using 'standard' format.
[    0.000000] e820: BIOS-provided physical RAM map:
[    0.000000] BIOS-e820: [mem 0x0000000000000000-0x000000000009fbff] usable
[    0.000000] BIOS-e820: [mem 0x000000000009fc00-0x000000000009ffff] reserved
[    0.000000] BIOS-e820: [mem 0x00000000000f0000-0x00000000000fffff] reserved
[    0.000000] BIOS-e820: [mem 0x0000000000100000-0x000000007ffeffff] usable
[    0.000000] BIOS-e820: [mem 0x000000007fff0000-0x000000007fffffff] ACPI data
[    0.000000] BIOS-e820: [mem 0x00000000fec00000-0x00000000fec00fff] reserved
[    0.000000] BIOS-e820: [mem 0x00000000fee00000-0x00000000fee00fff] reserved
[    0.000000] BIOS-e820: [mem 0x00000000fffc0000-0x00000000ffffffff] reserved
[    0.000000] NX (Execute Disable) protection: active
[    0.000000] SMBIOS 2.5 present.
[    0.000000] Hypervisor detected: KVM
[    0.000000] e820: last_pfn = 0x7fff0 max_arch_pfn = 0x400000000
[    0.000000] MTRR: Disabled
[    0.000000] x86/PAT: MTRRs disabled, skipping PAT initialization too.
[    0.000000] CPU MTRRs all blank - virtualized system.
[    0.000000] x86/PAT: Configuration [0-7]: WB  WT  UC- UC  WB  WT  UC- UC  
[    0.000000] found SMP MP-table at [mem 0x0009fff0-0x0009ffff] mapped at [ffff88000009fff0]
[    0.000000] Scanning 1 areas for low memory corruption
[    0.000000] RAMDISK: [mem 0x362dc000-0x37165fff]
[    0.000000] ACPI: Early table checksum verification disabled
[    0.000000] ACPI: RSDP 0x00000000000E0000 000024 (v02 VBOX  )
[    0.000000] ACPI: XSDT 0x000000007FFF0030 00003C (v01 VBOX   VBOXXSDT 00000001 ASL  00000061)
[    0.000000] ACPI: FACP 0x000000007FFF00F0 0000F4 (v04 VBOX   VBOXFACP 00000001 ASL  00000061)
[    0.000000] ACPI: DSDT 0x000000007FFF0470 002325 (v02 VBOX   VBOXBIOS 00000002 INTL 20190509)
[    0.000000] ACPI: FACS 0x000000007FFF0200 000040
[    0.000000] ACPI: FACS 0x000000007FFF0200 000040
[    0.000000] ACPI: APIC 0x000000007FFF0240 00005C (v02 VBOX   VBOXAPIC 00000001 ASL  00000061)
[    0.000000] ACPI: SSDT 0x000000007FFF02A0 0001CC (v01 VBOX   VBOXCPUT 00000002 INTL 20190509)
[    0.000000] No NUMA configuration found
[    0.000000] Faking a node at [mem 0x0000000000000000-0x000000007ffeffff]
[    0.000000] NODE_DATA(0) allocated [mem 0x7ffeb000-0x7ffeffff]
[    0.000000] kvm-clock: Using msrs 4b564d01 and 4b564d00
[    0.000000] kvm-clock: cpu 0, msr 0:7ffe3001, primary cpu clock
[    0.000000] kvm-clock: using sched offset of 3318652768 cycles
[    0.000000] clocksource: kvm-clock: mask: 0xffffffffffffffff max_cycles: 0x1cd42e4dffb, max_idle_ns: 881590591483 ns
[    0.000000] Zone ranges:
[    0.000000]   DMA      [mem 0x0000000000001000-0x0000000000ffffff]
[    0.000000]   DMA32    [mem 0x0000000001000000-0x000000007ffeffff]
[    0.000000]   Normal   empty
[    0.000000]   Device   empty
[    0.000000] Movable zone start for each node
[    0.000000] Early memory node ranges
[    0.000000]   node   0: [mem 0x0000000000001000-0x000000000009efff]
[    0.000000]   node   0: [mem 0x0000000000100000-0x000000007ffeffff]
[    0.000000] Initmem setup node 0 [mem 0x0000000000001000-0x000000007ffeffff]
[    0.000000] ACPI: PM-Timer IO Port: 0x4008
[    0.000000] IOAPIC[0]: apic_id 2, version 32, address 0xfec00000, GSI 0-23
[    0.000000] ACPI: INT_SRC_OVR (bus 0 bus_irq 0 global_irq 2 dfl dfl)
[    0.000000] ACPI: INT_SRC_OVR (bus 0 bus_irq 9 global_irq 9 low level)
[    0.000000] Using ACPI (MADT) for SMP configuration information
[    0.000000] smpboot: Allowing 2 CPUs, 0 hotplug CPUs
[    0.000000] PM: Registered nosave memory: [mem 0x00000000-0x00000fff]
[    0.000000] PM: Registered nosave memory: [mem 0x0009f000-0x0009ffff]
[    0.000000] PM: Registered nosave memory: [mem 0x000a0000-0x000effff]
[    0.000000] PM: Registered nosave memory: [mem 0x000f0000-0x000fffff]
[    0.000000] e820: [mem 0x80000000-0xfebfffff] available for PCI devices
[    0.000000] Booting paravirtualized kernel on KVM
[    0.000000] clocksource: refined-jiffies: mask: 0xffffffff max_cycles: 0xffffffff, max_idle_ns: 7645519600211568 ns
[    0.000000] setup_percpu: NR_CPUS:512 nr_cpumask_bits:512 nr_cpu_ids:2 nr_node_ids:1
[    0.000000] PERCPU: Embedded 33 pages/cpu @ffff88007fc00000 s95192 r8192 d31784 u1048576
[    0.000000] Built 1 zonelists in Node order, mobility grouping on.  Total pages: 515960
[    0.000000] Policy zone: DMA32
[    0.000000] Kernel command line: BOOT_IMAGE=/boot/vmlinuz-4.4.0-210-generic root=LABEL=cloudimg-rootfs ro console=tty1 console=ttyS0
[    0.000000] PID hash table entries: 4096 (order: 3, 32768 bytes)
[    0.000000] Memory: 2029984K/2096696K available (8644K kernel code, 1332K rwdata, 4044K rodata, 1492K init, 1164K bss, 66712K reserved, 0K cma-reserved)
[    0.000000] SLUB: HWalign=64, Order=0-3, MinObjects=0, CPUs=2, Nodes=1
[    0.000000] Kernel/User page tables isolation: enabled
[    0.000000] Hierarchical RCU implementation.
[    0.000000] 	Build-time adjustment of leaf fanout to 64.
[    0.000000] 	RCU restricting CPUs from NR_CPUS=512 to nr_cpu_ids=2.
[    0.000000] RCU: Adjusting geometry for rcu_fanout_leaf=64, nr_cpu_ids=2
[    0.000000] NR_IRQS:33024 nr_irqs:440 16
[    0.000000] Console: colour VGA+ 80x25
[    0.000000] console [tty1] enabled
[    0.000000] console [ttyS0] enabled
[    0.000000] tsc: Detected 2591.958 MHz processor
[    0.148355] Calibrating delay loop (skipped) preset value.. 5183.91 BogoMIPS (lpj=10367832)
[    0.150295] pid_max: default: 32768 minimum: 301
[    0.151373] ACPI: Core revision 20150930
[    0.153051] ACPI: 2 ACPI AML tables successfully acquired and loaded
[    0.154531] Security Framework initialized
[    0.155456] Yama: becoming mindful.
[    0.156338] AppArmor: AppArmor initialized
[    0.157829] Dentry cache hash table entries: 262144 (order: 9, 2097152 bytes)
[    0.159646] Inode-cache hash table entries: 131072 (order: 8, 1048576 bytes)
[    0.161661] Mount-cache hash table entries: 4096 (order: 3, 32768 bytes)
[    0.162994] Mountpoint-cache hash table entries: 4096 (order: 3, 32768 bytes)
[    0.164777] Initializing cgroup subsys io
[    0.165825] Initializing cgroup subsys memory
[    0.166778] Initializing cgroup subsys devices
[    0.168026] Initializing cgroup subsys freezer
[    0.169061] Initializing cgroup subsys net_cls
[    0.170201] Initializing cgroup subsys perf_event
[    0.171483] Initializing cgroup subsys net_prio
[    0.172528] Initializing cgroup subsys hugetlb
[    0.173480] Initializing cgroup subsys pids
[    0.183680] mce: CPU supports 0 MCE banks
[    0.184848] Last level iTLB entries: 4KB 64, 2MB 8, 4MB 8
[    0.186134] Last level dTLB entries: 4KB 64, 2MB 0, 4MB 0, 1GB 4
[    0.187527] Spectre V1 : Mitigation: usercopy/swapgs barriers and __user pointer sanitization
[    0.189549] Spectre V2 : Mitigation: Full generic retpoline
[    0.190822] Spectre V2 : Spectre v2 / SpectreRSB mitigation: Filling RSB on context switch
[    0.192739] Speculative Store Bypass: Vulnerable
[    0.193906] SRBDS: Unknown: Dependent on hypervisor status
[    0.195118] MDS: Mitigation: Clear CPU buffers
[    0.198768] Freeing SMP alternatives memory: 36K
[    0.205710] ftrace: allocating 32380 entries in 127 pages
[    0.261433] smpboot: APIC(0) Converting physical 0 to logical package 0
[    0.262860] smpboot: Max logical packages: 1
[    0.264018] x2apic enabled
[    0.264912] Switched APIC routing to physical x2apic.
[    0.266998] ..TIMER: vector=0x30 apic1=0 pin1=2 apic2=-1 pin2=-1
[    0.376491] smpboot: CPU0: Intel(R) Core(TM) i7-6700HQ CPU @ 2.60GHz (family: 0x6, model: 0x5e, stepping: 0x3)
[    0.379377] Performance Events: unsupported p6 CPU model 94 no PMU driver, software events only.
[    0.393291] KVM setup paravirtual spinlock
[    0.396085] x86: Booting SMP configuration:
[    0.397068] .... node  #0, CPUs:      #1
[    0.398012] kvm-clock: cpu 1, msr 0:7ffe3041, secondary cpu clock
[    0.408937] mce: CPU supports 0 MCE banks
[    0.411706] x86: Booted up 1 node, 2 CPUs
[    0.412689] smpboot: Total of 2 processors activated (10367.83 BogoMIPS)
[    0.414278] devtmpfs: initialized
[    0.417020] evm: security.selinux
[    0.417700] evm: security.SMACK64
[    0.418446] evm: security.SMACK64EXEC
[    0.419253] evm: security.SMACK64TRANSMUTE
[    0.420124] evm: security.SMACK64MMAP
[    0.420966] evm: security.ima
[    0.421652] evm: security.capability
[    0.422568] clocksource: jiffies: mask: 0xffffffff max_cycles: 0xffffffff, max_idle_ns: 7645041785100000 ns
[    0.424565] futex hash table entries: 512 (order: 3, 32768 bytes)
[    0.426066] pinctrl core: initialized pinctrl subsystem
[    0.427439] RTC time: 16:48:18, date: 02/25/22
[    0.428732] NET: Registered protocol family 16
[    0.441519] cpuidle: using governor ladder
[    0.453035] cpuidle: using governor menu
[    0.455940] PCCT header not found.
[    0.458922] ACPI: bus type PCI registered
[    0.462002] acpiphp: ACPI Hot Plug PCI Controller Driver version: 0.5
[    0.465704] PCI: Using configuration type 1 for base access
[    0.483427] ACPI: Added _OSI(Module Device)
[    0.486418] ACPI: Added _OSI(Processor Device)
[    0.489557] ACPI: Added _OSI(3.0 _SCP Extensions)
[    0.492389] ACPI: Added _OSI(Processor Aggregator Device)
[    0.496578] ACPI: Executed 1 blocks of module-level executable AML code
[    0.502577] ACPI: Interpreter enabled
[    0.505192] ACPI: (supports S0 S5)
[    0.506922] ACPI: Using IOAPIC for interrupt routing
[    0.508419] PCI: Using host bridge windows from ACPI; if necessary, use "pci=nocrs" and report a bug
[    0.514397] ACPI: PCI Root Bridge [PCI0] (domain 0000 [bus 00-ff])
[    0.515569] acpi PNP0A03:00: _OSC: OS supports [ASPM ClockPM Segments MSI]
[    0.517080] acpi PNP0A03:00: _OSC: not requesting OS control; OS requires [ExtendedConfig ASPM ClockPM MSI]
[    0.518921] acpi PNP0A03:00: fail to add MMCONFIG information, can't access extended PCI configuration space under this bridge.
[    0.521160] PCI host bridge to bus 0000:00
[    0.521975] pci_bus 0000:00: root bus resource [io  0x0000-0x0cf7 window]
[    0.523143] pci_bus 0000:00: root bus resource [io  0x0d00-0xffff window]
[    0.524294] pci_bus 0000:00: root bus resource [mem 0x000a0000-0x000bffff window]
[    0.525696] pci_bus 0000:00: root bus resource [mem 0x80000000-0xfdffffff window]
[    0.527103] pci_bus 0000:00: root bus resource [bus 00-ff]
[    0.529449] pci 0000:00:01.1: legacy IDE quirk: reg 0x10: [io  0x01f0-0x01f7]
[    0.530746] pci 0000:00:01.1: legacy IDE quirk: reg 0x14: [io  0x03f6]
[    0.531946] pci 0000:00:01.1: legacy IDE quirk: reg 0x18: [io  0x0170-0x0177]
[    0.541662] pci 0000:00:01.1: legacy IDE quirk: reg 0x1c: [io  0x0376]
[    0.560938] pci 0000:00:07.0: quirk: [io  0x4000-0x403f] claimed by PIIX4 ACPI
[    0.562361] pci 0000:00:07.0: quirk: [io  0x4100-0x410f] claimed by PIIX4 SMB
[    0.574450] ACPI: PCI Interrupt Link [LNKA] (IRQs 5 9 10 *11)
[    0.576029] ACPI: PCI Interrupt Link [LNKB] (IRQs 5 9 *10 11)
[    0.577441] ACPI: PCI Interrupt Link [LNKC] (IRQs 5 *9 10 11)
[    0.578833] ACPI: PCI Interrupt Link [LNKD] (IRQs 5 9 10 *11)
[    0.580255] ACPI: Enabled 2 GPEs in block 00 to 07
[    0.581565] vgaarb: setting as boot device: PCI:0000:00:02.0
[    0.582531] vgaarb: device added: PCI:0000:00:02.0,decodes=io+mem,owns=io+mem,locks=none
[    0.584014] vgaarb: loaded
[    0.584644] vgaarb: bridge control possible 0000:00:02.0
[    0.585930] SCSI subsystem initialized
[    0.586787] ACPI: bus type USB registered
[    0.587681] usbcore: registered new interface driver usbfs
[    0.588629] usbcore: registered new interface driver hub
[    0.589712] usbcore: registered new device driver usb
[    0.590883] PCI: Using ACPI for IRQ routing
[    0.591882] NetLabel: Initializing
[    0.592568] NetLabel:  domain hash size = 128
[    0.593375] NetLabel:  protocols = UNLABELED CIPSOv4
[    0.594277] NetLabel:  unlabeled traffic allowed by default
[    0.595424] amd_nb: Cannot enumerate AMD northbridges
[    0.596415] clocksource: Switched to clocksource kvm-clock
[    0.603365] AppArmor: AppArmor Filesystem Enabled
[    0.604383] pnp: PnP ACPI init
[    0.605706] pnp: PnP ACPI: found 3 devices
[    0.614736] clocksource: acpi_pm: mask: 0xffffff max_cycles: 0xffffff, max_idle_ns: 2085701024 ns
[    0.616336] NET: Registered protocol family 2
[    0.617327] TCP established hash table entries: 16384 (order: 5, 131072 bytes)
[    0.618755] TCP bind hash table entries: 16384 (order: 6, 262144 bytes)
[    0.619936] TCP: Hash tables configured (established 16384 bind 16384)
[    0.621094] UDP hash table entries: 1024 (order: 3, 32768 bytes)
[    0.622138] UDP-Lite hash table entries: 1024 (order: 3, 32768 bytes)
[    0.623290] NET: Registered protocol family 1
[    0.624147] pci 0000:00:00.0: Limiting direct PCI/PCI transfers
[    0.625215] pci 0000:00:01.0: Activating ISA DMA hang workarounds
[    0.626366] Unpacking initramfs...
[    0.829133] Freeing initrd memory: 14888K
[    0.830081] clocksource: tsc: mask: 0xffffffffffffffff max_cycles: 0x255c8f44070, max_idle_ns: 440795279332 ns
[    0.831856] platform rtc_cmos: registered platform RTC device (no PNP device found)
[    0.833336] Scanning for low memory corruption every 60 seconds
[    0.834796] audit: initializing netlink subsys (disabled)
[    0.835865] audit: type=2000 audit(1645807703.482:1): initialized
[    0.837219] Initialise system trusted keyring
[    0.838314] HugeTLB registered 2 MB page size, pre-allocated 0 pages
[    0.840595] zbud: loaded
[    0.841498] VFS: Disk quotas dquot_6.6.0
[    0.842324] VFS: Dquot-cache hash table entries: 512 (order 0, 4096 bytes)
[    0.843717] squashfs: version 4.0 (2009/01/31) Phillip Lougher
[    0.844948] fuse init (API version 7.23)
[    0.845864] Key type big_key registered
[    0.846593] Allocating IMA MOK and blacklist keyrings.
[    0.848332] Key type asymmetric registered
[    0.849212] Asymmetric key parser 'x509' registered
[    0.850194] Block layer SCSI generic (bsg) driver version 0.4 loaded (major 249)
[    0.851637] io scheduler noop registered
[    0.852503] io scheduler deadline registered (default)
[    0.853641] io scheduler cfq registered
[    0.854591] pci_hotplug: PCI Hot Plug PCI Core version: 0.5
[    0.855698] pciehp: PCI Express Hot Plug Controller Driver version: 0.4
[    0.857137] ACPI: AC Adapter [AC] (on-line)
[    0.858055] input: Power Button as /devices/LNXSYSTM:00/LNXPWRBN:00/input/input0
[    0.859675] ACPI: Power Button [PWRF]
[    0.860554] input: Sleep Button as /devices/LNXSYSTM:00/LNXSLPBN:00/input/input1
[    0.861974] ACPI: Sleep Button [SLPF]
[    0.863044] GHES: HEST is not enabled!
[    0.863667] ACPI: Battery Slot [BAT0] (battery present)
[    0.864981] Serial: 8250/16550 driver, 32 ports, IRQ sharing enabled
[    0.886550] 00:02: ttyS0 at I/O 0x3f8 (irq = 4, base_baud = 115200) is a 16550A
[    0.889803] Linux agpgart interface v0.103
[    0.892382] loop: module loaded
[    0.893665] scsi host0: ata_piix
[    0.894568] scsi host1: ata_piix
[    0.895334] ata1: PATA max UDMA/33 cmd 0x1f0 ctl 0x3f6 bmdma 0xd000 irq 14
[    0.896561] ata2: PATA max UDMA/33 cmd 0x170 ctl 0x376 bmdma 0xd008 irq 15
[    0.897982] libphy: Fixed MDIO Bus: probed
[    0.898848] tun: Universal TUN/TAP device driver, 1.6
[    0.899887] tun: (C) 1999-2004 Max Krasnyansky <maxk@qualcomm.com>
[    0.901119] PPP generic driver version 2.4.2
[    0.902101] ehci_hcd: USB 2.0 'Enhanced' Host Controller (EHCI) Driver
[    0.903379] ehci-pci: EHCI PCI platform driver
[    0.904506] ehci-platform: EHCI generic platform driver
[    0.905643] ohci_hcd: USB 1.1 'Open' Host Controller (OHCI) Driver
[    0.906752] ohci-pci: OHCI PCI platform driver
[    0.907618] ohci-platform: OHCI generic platform driver
[    0.908588] uhci_hcd: USB Universal Host Controller Interface driver
[    0.909877] i8042: PNP: PS/2 Controller [PNP0303:PS2K,PNP0f03:PS2M] at 0x60,0x64 irq 1,12
[    0.911789] serio: i8042 KBD port at 0x60,0x64 irq 1
[    0.912653] serio: i8042 AUX port at 0x60,0x64 irq 12
[    0.913665] mousedev: PS/2 mouse device common for all mice
[    0.914876] input: AT Translated Set 2 keyboard as /devices/platform/i8042/serio0/input/input2
[    0.916709] rtc_cmos rtc_cmos: rtc core: registered rtc_cmos as rtc0
[    0.917827] rtc_cmos rtc_cmos: alarms up to one day, 114 bytes nvram
[    0.918991] i2c /dev entries driver
[    0.920563] device-mapper: uevent: version 1.0.3
[    0.922787] device-mapper: ioctl: 4.34.0-ioctl (2015-10-28) initialised: dm-devel@redhat.com
[    0.924608] ledtrig-cpu: registered to indicate activity on CPUs
[    0.926082] NET: Registered protocol family 10
[    0.927238] NET: Registered protocol family 17
[    0.928115] Key type dns_resolver registered
[    0.929394] registered taskstats version 1
[    0.930342] Loading compiled-in X.509 certificates
[    0.931843] Loaded X.509 cert 'Build time autogenerated kernel key: cf00e047681d67edb2720680708b7d9498083038'
[    0.933789] zswap: loaded using pool lzo/zbud
[    0.936416] Key type trusted registered
[    0.940303] Key type encrypted registered
[    0.941251] AppArmor: AppArmor sha1 policy hashing enabled
[    0.942238] ima: No TPM chip found, activating TPM-bypass!
[    0.943319] ima: Allocated hash algorithm: sha1
[    0.944223] evm: HMAC attrs: 0x1
[    0.945331]   Magic number: 10:339:844
[    0.946153] rtc_cmos rtc_cmos: setting system clock to 2022-02-25 16:48:19 UTC (1645807699)
[    0.947888] BIOS EDD facility v0.16 2004-Jun-25, 0 devices found
[    0.949073] EDD information not available.
[    1.085588] Freeing unused kernel memory: 1492K
[    1.087968] Write protecting the kernel read-only data: 14336k
[    1.091581] Freeing unused kernel memory: 1584K
[    1.094140] Freeing unused kernel memory: 52K
Loading, please wait...
starting version 229
[    1.111694] random: systemd-udevd: uninitialized urandom read (16 bytes read, 3 bits of entropy available)
[    1.112176] random: udevadm: uninitialized urandom read (16 bytes read, 3 bits of entropy available)
[    1.112208] random: udevadm: uninitialized urandom read (16 bytes read, 3 bits of entropy available)
[    1.119126] random: systemd-udevd: uninitialized urandom read (16 bytes read, 3 bits of entropy available)
[    1.121031] random: systemd-udevd: uninitialized urandom read (16 bytes read, 3 bits of entropy available)
[    1.121958] random: udevadm: uninitialized urandom read (16 bytes read, 3 bits of entropy available)
[    1.122013] random: udevadm: uninitialized urandom read (16 bytes read, 3 bits of entropy available)
[    1.122170] random: udevadm: uninitialized urandom read (16 bytes read, 3 bits of entropy available)
[    1.122231] random: udevadm: uninitialized urandom read (16 bytes read, 3 bits of entropy available)
[    1.122293] random: udevadm: uninitialized urandom read (16 bytes read, 3 bits of entropy available)
[    1.171996] e1000: Intel(R) PRO/1000 Network Driver - version 7.3.21-k8-NAPI
[    1.173778] e1000: Copyright (c) 1999-2006 Intel Corporation.
[    1.181191] Fusion MPT base driver 3.04.20
[    1.182040] Copyright (c) 1999-2008 LSI Corporation
[    1.186634] Fusion MPT SPI Host driver 3.04.20
[    1.203088] AVX2 version of gcm_enc/dec engaged.
[    1.204055] AES CTR mode by8 optimization enabled
[    1.401720] input: ImExPS/2 Generic Explorer Mouse as /devices/platform/i8042/serio1/input/input4
[    1.547257] e1000 0000:00:03.0 eth0: (PCI:33MHz:32-bit) 02:be:82:6b:cc:1d
[    1.549607] e1000 0000:00:03.0 eth0: Intel(R) PRO/1000 Network Connection
[    1.896136] e1000 0000:00:08.0 eth1: (PCI:33MHz:32-bit) 08:00:27:eb:b7:b8
[    1.897623] e1000 0000:00:08.0 eth1: Intel(R) PRO/1000 Network Connection
[    1.900080] e1000 0000:00:08.0 enp0s8: renamed from eth1
[    1.901248] mptbase: ioc0: Initiating bringup
[    1.913425] e1000 0000:00:03.0 enp0s3: renamed from eth0
[    1.965305] ioc0: LSI53C1030 A0: Capabilities={Initiator}
[    2.136651] scsi host2: ioc0: LSI53C1030 A0, FwRev=00000000h, Ports=1, MaxQ=256, IRQ=20
[    2.252987] scsi 2:0:0:0: Direct-Access     VBOX     HARDDISK         1.0  PQ: 0 ANSI: 5
[    2.255740] scsi target2:0:0: Beginning Domain Validation
[    2.258826] scsi target2:0:0: Domain Validation skipping write tests
[    2.260787] scsi target2:0:0: Ending Domain Validation
[    2.262506] scsi target2:0:0: asynchronous
[    2.264575] scsi 2:0:1:0: Direct-Access     VBOX     HARDDISK         1.0  PQ: 0 ANSI: 5
[    2.281934] scsi target2:0:1: Beginning Domain Validation
[    2.284182] scsi target2:0:1: Domain Validation skipping write tests
[    2.285645] scsi target2:0:1: Ending Domain Validation
[    2.286860] scsi target2:0:1: asynchronous
[    2.294292] sd 2:0:0:0: Attached scsi generic sg0 type 0
[    2.295742] sd 2:0:0:0: [sda] 83886080 512-byte logical blocks: (42.9 GB/40.0 GiB)
[    2.298190] sd 2:0:1:0: Attached scsi generic sg1 type 0
[    2.298198] sd 2:0:1:0: [sdb] 20480 512-byte logical blocks: (10.5 MB/10.0 MiB)
[    2.298295] sd 2:0:0:0: [sda] Write Protect is off
[    2.301622] sd 2:0:0:0: [sda] Incomplete mode parameter data
[    2.301624] sd 2:0:0:0: [sda] Assuming drive cache: write through
[    2.302761] sd 2:0:1:0: [sdb] Write Protect is off
[    2.305634] sd 2:0:1:0: [sdb] Incomplete mode parameter data
[    2.305637] sd 2:0:1:0: [sdb] Assuming drive cache: write through
[    2.310641]  sda: sda1
[    2.312469] sd 2:0:0:0: [sda] Attached SCSI disk
[    2.313514] sd 2:0:1:0: [sdb] Attached SCSI disk
Begin: Loading essential drivers ... [    3.623232] md: linear personality registered for level -1
[    3.627108] md: multipath personality registered for level -4
[    3.630489] md: raid0 personality registered for level 0
[    3.634722] md: raid1 personality registered for level 1
[    3.720990] raid6: sse2x1   gen() 12185 MB/s
[    3.790764] raid6: sse2x1   xor()  8745 MB/s
[    3.864843] raid6: sse2x2   gen() 14939 MB/s
[    3.944920] raid6: sse2x2   xor() 11066 MB/s
[    4.013976] raid6: sse2x4   gen() 15997 MB/s
[    4.086199] raid6: sse2x4   xor() 11353 MB/s
[    4.153580] raid6: avx2x1   gen() 19945 MB/s
[    4.221967] raid6: avx2x2   gen() 26503 MB/s
[    4.289288] raid6: avx2x4   gen() 29317 MB/s
[    4.290401] raid6: using algorithm avx2x4 gen() 29317 MB/s
[    4.291920] raid6: using avx2x2 recovery algorithm
[    4.294375] xor: automatically using best checksumming function:
[    4.332494]    avx       : 23796.000 MB/sec
[    4.334574] async_tx: api initialized (async)
[    4.342894] md: raid6 personality registered for level 6
[    4.345415] md: raid5 personality registered for level 5
[    4.347022] md: raid4 personality registered for level 4
[    4.354581] md: raid10 personality registered for level 10
done.
Begin: Running /scripts/init-premount ... done.
Begin: Mounting root file system ... Begin: Running /scripts/local-top ... done.
Begin: Running /scripts/local-premount ... [    4.382525] Btrfs loaded
Scanning for Btrfs filesystems
done.
Warning: fsck not present, so skipping root file system
[    4.419915] EXT4-fs (sda1): mounted filesystem with ordered data mode. Opts: (null)
done.
Begin: Running /scripts/local-bottom ... done.
Begin: Running /scripts/init-bottom ... done.
[    4.565706] systemd[1]: systemd 229 running in system mode. (+PAM +AUDIT +SELINUX +IMA +APPARMOR +SMACK +SYSVINIT +UTMP +LIBCRYPTSETUP +GCRYPT +GNUTLS +ACL +XZ -LZ4 +SECCOMP +BLKID +ELFUTILS +KMOD -IDN)
[    4.574892] systemd[1]: Detected virtualization oracle.
[    4.577102] systemd[1]: Detected architecture x86-64.

Welcome to [1mUbuntu 16.04.7 LTS[0m!

[    4.581838] systemd[1]: Set hostname to <ubuntu>.
[    4.585376] systemd[1]: Initializing machine ID from random generator.
[    4.587145] systemd[1]: Installed transient /etc/machine-id file.
[    4.804377] systemd[1]: Reached target System Time Synchronized.
[[0;32m  OK  [0m] Reached target System Time Synchronized.
[    4.807663] systemd[1]: Listening on fsck to fsckd communication Socket.
[[0;32m  OK  [0m] Listening on fsck to fsckd communication Socket.
[    4.812815] systemd[1]: Set up automount Arbitrary Executable File Formats File System Automount Point.
[[0;32m  OK  [0m] Set up automount Arbitrary Executab...ats File System Automount Point.
[    4.817265] systemd[1]: Reached target Swap.
[[0;32m  OK  [0m] Reached target Swap.
[    4.819527] systemd[1]: Listening on udev Kernel Socket.
[[0;32m  OK  [0m] Listening on udev Kernel Socket.
[    4.822338] systemd[1]: Started Forward Password Requests to Wall Directory Watch.
[[0;32m  OK  [0m] Started Forward Password Requests to Wall Directory Watch.
[    4.826555] systemd[1]: Listening on Syslog Socket.
[[0;32m  OK  [0m] Listening on Syslog Socket.
[    4.829327] systemd[1]: Started Trigger resolvconf update for networkd DNS.
[[0;32m  OK  [0m] Started Trigger resolvconf update for networkd DNS.
[    4.832325] systemd[1]: Listening on udev Control Socket.
[[0;32m  OK  [0m] Listening on udev Control Socket.
[    4.834607] systemd[1]: Listening on LVM2 metadata daemon socket.
[[0;32m  OK  [0m] Listening on LVM2 metadata daemon socket.
[    4.836958] systemd[1]: Reached target Encrypted Volumes.
[[0;32m  OK  [0m] Reached target Encrypted Volumes.
[    4.838726] systemd[1]: Listening on Journal Socket (/dev/log).
[[0;32m  OK  [0m] Listening on Journal Socket (/dev/log).
[    4.840765] systemd[1]: Listening on LVM2 poll daemon socket.
[[0;32m  OK  [0m] Listening on LVM2 poll daemon socket.
[    4.842751] systemd[1]: Created slice User and Session Slice.
[[0;32m  OK  [0m] Created slice User and Session Slice.
[    4.849023] systemd[1]: Listening on Journal Audit Socket.
[[0;32m  OK  [0m] Listening on Journal Audit Socket.
[    4.853029] systemd[1]: Listening on Journal Socket.
[[0;32m  OK  [0m] Listening on Journal Socket.
[    4.856554] systemd[1]: Created slice System Slice.
[[0;32m  OK  [0m] Created slice System Slice.
[    4.858977] systemd[1]: Reached target Slices.
[[0;32m  OK  [0m] Reached target Slices.
[    4.861390] systemd[1]: Created slice system-serial\x2dgetty.slice.
[[0;32m  OK  [0m] Created slice system-serial\x2dgetty.slice.
[    4.892953] systemd[1]: Starting Load Kernel Modules...
         Starting Load Kernel Modules...
[    4.898371] systemd[1]: Mounting Debug File System...
         Mounting Debug File System...
[    4.907540] systemd[1]: Starting File System Check on Root Device...
         Starting File System Check on Root Device...
[    4.912776] Loading iSCSI transport class v2.0-870.
[    4.914533] systemd[1]: Starting Create list of required static device nodes for the current kernel...
         Starting Create list of required st... nodes for the current kernel...
[    4.921434] systemd[1]: Starting Uncomplicated firewall...
         Starting Uncomplicated firewall...
[    4.925697] systemd[1]: Starting Nameserver information manager...
         Starting Nameserver information manager...
[    4.930379] systemd[1]: Mounting POSIX Message Queue File System...
         Mounting POSIX Message Queue File System...
[    4.933185] systemd[1]: Starting Journal Service...
         Starting Journal Service...
[    4.936284] systemd[1]: Mounting Huge Pages File System...
[    4.937672] iscsi: registered transport (tcp)
         Mounting Huge Pages File System...
[    4.941758] systemd[1]: Starting Set console keymap...
         Starting Set console keymap...
[    4.945043] systemd[1]: Listening on Device-mapper event daemon FIFOs.
[[0;32m  OK  [0m] Listening on Device-mapper event daemon FIFOs.
[    4.948174] systemd[1]: Listening on /dev/initctl Compatibility Named Pipe.
[[0;32m  OK  [0m] Listening on /dev/initctl Compatibility Named Pipe.
[    4.950641] systemd[1]: Reached target User and Group Name Lookups.
[[0;32m  OK  [0m] Reached target User and Group Name Lookups.
[    4.953389] systemd[1]: Starting Monitoring of LVM2 mirrors, snapshots etc. using dmeventd or progress polling...
         Starting Monitoring of LVM2 mirrors... dmeventd or progress polling...
[    4.958118] systemd[1]: Mounted Huge Pages File System.
[[0;32m  OK  [0m] Mounted Huge Pages File System.
[    4.960196] systemd[1]: Mounted POSIX Message Queue File System.
[[0;32m  OK  [0m] Mounted POSIX Message Queue File System.
[    4.963047] systemd[1]: Mounted Debug File System.
[[0;32m  OK  [0m] Mounted Debug File System.
[    4.965496] systemd[1]: Started Create list of required static device nodes for the current kernel.
[[0;32m  OK  [0m] Started Create list of required sta...ce nodes for the current kernel.
[    4.970613] systemd[1]: Started Uncomplicated firewall.
[[0;32m  OK  [0m] Started Uncomplicated firewall.
[    4.982173] systemd[1]: Started File System Check on Root Device.
[[0;32m  OK  [0m] Started File System Check on Root Device.
[    4.985883] systemd[1]: Started LVM2 metadata daemon.
[[0;32m  OK  [0m] Started LVM2 metadata daemon.
[    4.988751] systemd[1]: Started File System Check Daemon to report status.
[[0;32m  OK  [0m] Started File System Check Daemon to report status.
[    4.991969] systemd[1]: Starting Remount Root and Kernel File Systems...
         Starting Remount Root and Kernel File Systems...
[    4.995146] systemd[1]: Starting Create Static Device Nodes in /dev...
         Starting Create Static Device Nodes in /dev...
[    4.998183] systemd[1]: Started Journal Service.
[[0;32m  OK  [0m] Started Journal Service.
[[0;32m  OK  [0m] Started Nameserver information manager.
[    5.003620] EXT4-fs (sda1): re-mounted. Opts: (null)
[[0;32m  OK  [0m] Started Remount Root and Kernel File Systems.
         Starting udev Coldplug all Devices...
         Starting Flush Journal to Persistent Storage...
         Starting Load/Save Random Seed...
[[0;32m  OK  [0m] Started Load/Save Random Seed.
[    5.022256] systemd-journald[392]: Received request to flush runtime journal from PID 1
[[0;32m  OK  [0m] Started Flush Journal to Persistent Storage.
[    5.035094] iscsi: registered transport (iser)
[[0;32m  OK  [0m] Started Load Kernel Modules.
         Mounting FUSE Control File System...
         Starting Apply Kernel Variables...
[[0;32m  OK  [0m] Mounted FUSE Control File System.
[[0;32m  OK  [0m] Started Set console keymap.
[[0;32m  OK  [0m] Started Apply Kernel Variables.
[[0;32m  OK  [0m] Started Create Static Device Nodes in /dev.
         Starting udev Kernel Device Manager...
[[0;32m  OK  [0m] Started udev Coldplug all Devices.
[[0;32m  OK  [0m] Started udev Kernel Device Manager.
[[0;32m  OK  [0m] Started Dispatch Password Requests to Console Directory Watch.
[[0;32m  OK  [0m] Found device /dev/ttyS0.
[[0;32m  OK  [0m] Listening on Load/Save RF Kill Switch Status /dev/rfkill Watch.
[[0;32m  OK  [0m] Started Monitoring of LVM2 mirrors,...ng dmeventd or progress polling.
[[0;32m  OK  [0m] Reached target Local File Systems (Pre).
[[0;32m  OK  [0m] Reached target Local File Systems.
         Starting Create Volatile Files and Directories...
         Starting Commit a transient machine-id on disk...
         Starting Set console font and keymap...
         Starting Tell Plymouth To Write Out Runtime Data...
         Starting LSB: AppArmor initialization...
         Starting Initial cloud-init job (pre-networking)...
[[0;32m  OK  [0m] Started Create Volatile Files and Directories.
[[0;32m  OK  [0m] Started Commit a transient machine-id on disk.
[[0;32m  OK  [0m] Started Tell Plymouth To Write Out Runtime Data.
         Starting Update UTMP about System Boot/Shutdown...
[[0;32m  OK  [0m] Started Update UTMP about System Boot/Shutdown.
[[0;32m  OK  [0m] Started Set console font and keymap.
[[0;32m  OK  [0m] Created slice system-getty.slice.
[[0;32m  OK  [0m] Started LSB: AppArmor initialization.
         Starting Load AppArmor profiles managed internally by snapd...
[[0;32m  OK  [0m] Started Load AppArmor profiles managed internally by snapd.
[    6.561209] cloud-init[661]: Cloud-init v. 21.1-19-gbad84ad4-0ubuntu1~16.04.2 running 'init-local' at Fri, 25 Feb 2022 16:48:24 +0000. Up 6.24 seconds.
[[0;32m  OK  [0m] Started Initial cloud-init job (pre-networking).
[[0;32m  OK  [0m] Reached target Network (Pre).
         Starting Raise network interfaces...
[[0;32m  OK  [0m] Started Raise network interfaces.
[[0;32m  OK  [0m] Reached target Network.
         Starting Initial cloud-init job (metadata service crawler)...
[    7.703118] cloud-init[965]: Cloud-init v. 21.1-19-gbad84ad4-0ubuntu1~16.04.2 running 'init' at Fri, 25 Feb 2022 16:48:25 +0000. Up 7.11 seconds.
[    7.704746] cloud-init[965]: ci-info: ++++++++++++++++++++++++++++++++++++++Net device info+++++++++++++++++++++++++++++++++++++++
[    7.706367] cloud-init[965]: ci-info: +--------+-------+----------------------------+---------------+--------+-------------------+
[    7.707896] cloud-init[965]: ci-info: | Device |   Up  |          Address           |      Mask     | Scope  |     Hw-Address    |
[    7.709418] cloud-init[965]: ci-info: +--------+-------+----------------------------+---------------+--------+-------------------+
[    7.710783] cloud-init[965]: ci-info: | enp0s3 |  True |         10.0.2.15          | 255.255.255.0 | global | 02:be:82:6b:cc:1d |
[    7.712401] cloud-init[965]: ci-info: | enp0s3 |  True | fe80::be:82ff:fe6b:cc1d/64 |       .       |  link  | 02:be:82:6b:cc:1d |
[    7.713827] cloud-init[965]: ci-info: | enp0s8 | False |             .              |       .       |   .    | 08:00:27:eb:b7:b8 |
[    7.715330] cloud-init[965]: ci-info: |   lo   |  True |         127.0.0.1          |   255.0.0.0   |  host  |         .         |
[    7.716877] cloud-init[965]: ci-info: |   lo   |  True |          ::1/128           |       .       |  host  |         .         |
[    7.718119] cloud-init[965]: ci-info: +--------+-------+----------------------------+---------------+--------+-------------------+
[    7.719483] cloud-init[965]: ci-info: +++++++++++++++++++++++++++Route IPv4 info++++++++++++++++++++++++++++
[    7.720654] cloud-init[965]: ci-info: +-------+-------------+----------+---------------+-----------+-------+
[    7.728446] cloud-init[965]: ci-info: | Route | Destination | Gateway  |    Genmask    | Interface | Flags |
[    7.729731] cloud-init[965]: ci-info: +-------+-------------+----------+---------------+-----------+-------+
[    7.736386] cloud-init[965]: ci-info: |   0   |   0.0.0.0   | 10.0.2.2 |    0.0.0.0    |   enp0s3  |   UG  |
[    7.737665] cloud-init[965]: ci-info: |   1   |   10.0.2.0  | 0.0.0.0  | 255.255.255.0 |   enp0s3  |   U   |
[    7.744453] cloud-init[965]: ci-info: +-------+-------------+----------+---------------+-----------+-------+
[    7.745750] cloud-init[965]: ci-info: +++++++++++++++++++Route IPv6 info+++++++++++++++++++
[    7.746867] cloud-init[965]: ci-info: +-------+-------------+---------+-----------+-------+
[    7.747997] cloud-init[965]: ci-info: | Route | Destination | Gateway | Interface | Flags |
[    7.749177] cloud-init[965]: ci-info: +-------+-------------+---------+-----------+-------+
[    7.760364] [[0;32m  OK  [0m] Started Initial cloud-init job (metadata service crawler).
cloud-init[965]: ci-info: |   0   |  fe80::/64  |    ::   |   enp0s3  |   U   |
[    7.761730] [cloud-init[0;32m  OK  [0m[965]: ] ci-info: |   3   |   ff00::/8  |    ::   |   enp0s3  |   U   |Reached target Cloud-config availability.

[[0;32m  OK  [0m] Reached target System Initialization.
[[0;32m  OK  [0m] Listening on UUID daemon activation socket.
[[0;32m  OK  [0m] Listening on D-Bus System Message Bus Socket.
[    7.764450] cloud-init[965]: ci-info: +-------+-------------+---------+-----------+-------+
[    7.765668] [[0;32m  OK  [0m] Started ACPI Events Check.
cloud-init[965]: [[0;32m  OK  [0m] Reached target Paths.
[[0;32m  OK  [0m] Started Daily apt download activities.
[[0;32m  OK  [0m] Started Daily apt upgrade and clean activities.
[[0;32m  OK  [0m] Started Daily Cleanup of Temporary Directories.
[[0;32m  OK  [0m] Listening on ACPID Listen Socket.
Generating public/private rsa key pair.
[    7.769318] cloud-init[965]: Your identification has been saved in /etc/ssh/ssh_host_rsa_key.
[    7.769542] cloud-init[965]: Your public key has been saved in /etc/ssh/ssh_host_rsa_key.pub.
[    7.769950] cloud-init[965]: The key fingerprint is:
[    7.770359] cloud-init[965]: SHA256:t7yF+dlholfQQlG+/qCLhjdFgrSCf1DP/9D48BiTY7k root@ubuntu-xenial
[    7.770761] cloud-init[965]: The key's randomart image is:
[    7.771172] cloud-init[965]: +---[RSA 2048]----+
[    7.771628] cloud-init[965]: |            .o.  |
[    7.772025] cloud-init[965]: |        o   ..   |
[    7.772472] cloud-init[965]: |     . o = . ..  |
[    7.772865] cloud-init[965]: |    . o o + + .. |
[    7.773271] cloud-init[965]: |     . oS .+ B.  |
[    7.773679] cloud-init[965]: |      . .o +&.o  |
[    7.774089] cloud-init[965]: |       . .=oo&=  |
[    7.774512] cloud-init[965]: |        . +*E*++ |
[    7.774898] cloud-init[965]: |         o+o=.. .|
[    7.775307] cloud-init[965]: +----[SHA256]-----+
[    7.775730] cloud-init[965]: Generating public/private dsa key pair.
[    7.776556] cloud-init[965]: Your identification has been saved in /etc/ssh/ssh_host_dsa_key.
[    7.776985] cloud-init[965]: Your public key has been saved in /etc/ssh/ssh_host_dsa_key.pub.
[    7.777379] cloud-init[965]: The key fingerprint is:
[    7.777781] cloud-init[965]: SHA256:xl5Jv+Q6WXdCpVfvWvCENbXgR1wsv/h84dSv3Og8k+A root@ubuntu-xenial
[    7.778177] cloud-init[965]: The key's randomart image is:
[    7.778577] cloud-init[965]: +---[DSA 1024]----+
[    7.778988] cloud-init[965]: |             ..o=|
[    7.779389] cloud-init[965]: |            . +o*|
[    7.779805] cloud-init[965]: |          .  . X+|
[    7.780341] cloud-init[965]: |       . . o  * =|
[    7.780606] cloud-init[965]: |        S o o..*o|
[    7.781028] cloud-init[965]: |       o . oooo+*|
[    7.781426] cloud-init[965]: |        .  +oo=*o|
[    7.781830] cloud-init[965]: |          o.Eo=*o|
[    7.782266] cloud-init[965]: |          .. .*+o|
[    7.782708] cloud-init[965]: +----[SHA256]-----+
[    7.783116] cloud-init[965]: Generating public/private ecdsa key pair.
[    7.783512] cloud-init[965]: Your identification has been saved in /etc/ssh/ssh_host_ecdsa_key.
[    7.783693] cloud-init[965]: Your public key has been saved in /etc/ssh/ssh_host_ecdsa_key.pub.
[    7.784054] cloud-init[965]: The key fingerprint is:
[    7.784431] cloud-init[965]: SHA256:2VEK4Lmz7UtnwJY5DjI3oLD+rtTepa1YIFDRHWduM94 root@ubuntu-xenial
[    7.784831] cloud-init[965]: The key's randomart image is:
[    7.785237] cloud-init[965]: +---[ECDSA 256]---+
[    7.785638] cloud-init[965]: |  oo .oo+   .    |
[    7.786045] cloud-init[965]: | .  ...= . o     |
[    7.786482] cloud-init[965]: |o   . o = o      |
[    7.786764] cloud-init[965]: |.o . . = O .     |
[    7.787173] cloud-init[965]: |....o * S E      |
[    7.787582] cloud-init[965]: |. o .+ O o       |
[    7.788010] cloud-init[965]: | o . ...+ o      |
[    7.788451] cloud-init[965]: |. o + +o o       |
[    7.788851] cloud-init[965]: | .o= +..o.       |
[    7.789251] cloud-init[965]: +----[SHA256]-----+
[    7.789656] cloud-init[965]: Generating public/private ed25519 key pair.
[    7.790060] cloud-init[965]: Your identification has been saved in /etc/ssh/ssh_host_ed25519_key.
[    7.790480] cloud-init[965]: Your public key has been saved in /etc/ssh/ssh_host_ed25519_key.pub.
[    7.790882] cloud-init[965]: The key fingerprint is:
[    7.791275] cloud-init[965]: SHA256:wvFTHPmHD1euVrwlLg/K/na8bdJIMvZi03k6P3X15mI root@ubuntu-xenial
[    7.791599] cloud-init[965]: The key's randomart image is:
[    7.792396] cloud-init[965]: +--[ED25519 256]--+
[    7.792831] cloud-init[965]: |          ..     |
[    7.793267] cloud-init[965]: |         ...    .|
[    7.793932] cloud-init[965]: |      .   o. . + |
[    7.794307] cloud-init[965]: |     . o .  + + *|
[    7.794730] cloud-init[965]: |      o S    * +=|
[    7.795156] cloud-init[965]: |       . .  * *.=|
[    7.795587] cloud-init[965]: |         . o % *o|
[    7.796012] cloud-init[965]: |          o = Eo=|
[    7.796457] cloud-init[965]: |         ..+.=oX+|
[    7.796880] cloud-init[965]: +----[SHA256]-----+
         Starting Socket activation for snappy daemon.
[[0;32m  OK  [0m] Started Ubuntu Advantage update messaging.
         Starting LXD - unix socket.
[[0;32m  OK  [0m] Started Message of the Day.
[[0;32m  OK  [0m] Reached target Timers.
[[0;32m  OK  [0m] Reached target Network is Online.
         Starting iSCSI initiator daemon (iscsid)...
[[0;32m  OK  [0m] Listening on Socket activation for snappy daemon.
[[0;32m  OK  [0m] Listening on LXD - unix socket.
[[0;32m  OK  [0m] Reached target Sockets.
[[0;32m  OK  [0m] Reached target Basic System.
         Starting Pollinate to seed the pseudo random number generator...
         Starting /etc/rc.local Compatibility...
[[0;32m  OK  [0m] Started FUSE filesystem for LXC.
[[0;32m  OK  [0m] Started D-Bus System Message Bus.
         Starting Accounts Service...
         Starting LXD - container startup/shutdown...
[[0;32m  OK  [0m] Started Regular background program processing daemon.
[[0;32m  OK  [0m] Started ACPI event daemon.
         Starting LSB: MD monitoring daemon...
         Starting System Logging Service...
         Starting LSB: Record successful boot for GRUB...
         Starting Login Service...
[[0;32m  OK  [0m] Started Deferred execution scheduler.
         Starting Virtualbox guest utils...
         Starting Snap Daemon...
[[0;32m  OK  [0m] Started /etc/rc.local Compatibility.
[[0;32m  OK  [0m] Started iSCSI initiator daemon (iscsid).
         Starting Login to default iSCSI targets...
[[0;32m  OK  [0m] Started Login Service.
[[0;32m  OK  [0m] Started Unattended Upgrades Shutdown.
[[0;32m  OK  [0m] Started Login to default iSCSI targets.
[[0;32m  OK  [0m] Reached target Remote File Systems (Pre).
[[0;32m  OK  [0m] Reached target Remote File Systems.
         Starting LSB: Set the CPU Frequency Scaling governor to "ondemand"...
         Starting LSB: daemon to balance interrupts for SMP systems...
         Starting LSB: automatic crash report generation...
         Starting Permit User Sessions...
[[0;32m  OK  [0m] Started System Logging Service.
[[0;32m  OK  [0m] Started LSB: MD monitoring daemon.
[[0;32m  OK  [0m] Started LSB: Record successful boot for GRUB.
[[0;32m  OK  [0m] Started LSB: Set the CPU Frequency Scaling governor to "ondemand".
[[0;32m  OK  [0m] Started Permit User Sessions.
         Starting Terminate Plymouth Boot Screen...
         Starting Hold until boot process finishes up...
[[0;32m  OK  [0m] Started Hold until boot process finishes up.
[[0;32m  OK  [0m] Started Serial Getty on ttyS0.
[[0;32m  OK  [0m] Started Getty on tty1.
[[0;32m  OK  [0m] Reached target Login Prompts.
         Starting Set console scheme...
[[0;32m  OK  [0m] Started Terminate Plymouth Boot Screen.
[[0;32m  OK  [0m] Started LSB: daemon to balance interrupts for SMP systems.
[[0;32m  OK  [0m] Started Set console scheme.
[[0;32m  OK  [0m] Started LSB: automatic crash report generation.
         Starting Authenticate and Authorize Users to Run Privileged Tasks...
[[0;32m  OK  [0m] Started Virtualbox guest utils.
[[0;32m  OK  [0m] Started Authenticate and Authorize Users to Run Privileged Tasks.
[[0;32m  OK  [0m] Started Accounts Service.
[[0;32m  OK  [0m] Started LXD - container startup/shutdown.
[[0;32m  OK  [0m] Started Snap Daemon.
         Starting Wait until snapd is fully seeded...
[[0;32m  OK  [0m] Started Pollinate to seed the pseudo random number generator.
         Starting OpenBSD Secure Shell server...
[[0;32m  OK  [0m] Started OpenBSD Secure Shell server.
[[0;32m  OK  [0m] Started Wait until snapd is fully seeded.
         Starting Apply the settings specified in cloud-config...
[[0;32m  OK  [0m] Reached target Multi-User System.
[[0;32m  OK  [0m] Reached target Graphical Interface.
         Starting Update UTMP about System Runlevel Changes...
[[0;32m  OK  [0m] Started Update UTMP about System Runlevel Changes.
[   10.280220] cloud-init[1312]: Generating locales (this might take a while)...
[   10.977811] cloud-init[1312]:   en_US.UTF-8... done
[   10.979090] cloud-init[1312]: Generation complete.
[   11.334159] cloud-init[1312]: Cloud-init v. 21.1-19-gbad84ad4-0ubuntu1~16.04.2 running 'modules:config' at Fri, 25 Feb 2022 16:48:28 +0000. Up 10.18 seconds.
[[0;32m  OK  [0m] Started Apply the settings specified in cloud-config.
         Starting Execute cloud user/final scripts...
ci-info: no authorized SSH keys fingerprints found for user ubuntu.
<14>Feb 25 16:48:30 ec2: 
<14>Feb 25 16:48:30 ec2: #############################################################
<14>Feb 25 16:48:30 ec2: -----BEGIN SSH HOST KEY FINGERPRINTS-----
<14>Feb 25 16:48:30 ec2: 1024 SHA256:xl5Jv+Q6WXdCpVfvWvCENbXgR1wsv/h84dSv3Og8k+A root@ubuntu-xenial (DSA)
<14>Feb 25 16:48:30 ec2: 256 SHA256:2VEK4Lmz7UtnwJY5DjI3oLD+rtTepa1YIFDRHWduM94 root@ubuntu-xenial (ECDSA)
<14>Feb 25 16:48:30 ec2: 256 SHA256:wvFTHPmHD1euVrwlLg/K/na8bdJIMvZi03k6P3X15mI root@ubuntu-xenial (ED25519)
<14>Feb 25 16:48:30 ec2: 2048 SHA256:t7yF+dlholfQQlG+/qCLhjdFgrSCf1DP/9D48BiTY7k root@ubuntu-xenial (RSA)
<14>Feb 25 16:48:30 ec2: -----END SSH HOST KEY FINGERPRINTS-----
<14>Feb 25 16:48:30 ec2: #############################################################
-----BEGIN SSH HOST KEY KEYS-----
ecdsa-sha2-nistp256 AAAAE2VjZHNhLXNoYTItbmlzdHAyNTYAAAAIbmlzdHAyNTYAAABBBIh+c1Vf8Sw3/rOdnpK2XsZXhYIoQ0BF8nenS3ymjnYb98gjANc4L3Zy+20IOP8WLmL1ME/JQMpMYZR6zmOl9NM= root@ubuntu-xenial
ssh-ed25519 AAAAC3NzaC1lZDI1NTE5AAAAIN3oD7U+E6PbFhAQBW9BYlC0jLdlopMfX8Uom0KwoI+V root@ubuntu-xenial
ssh-rsa AAAAB3NzaC1yc2EAAAADAQABAAABAQC/W7MSH8ZFO29VLi2QLnyTak2z8aLpZroW0TWrNpyBHcd2A4alqfcunnyNphcjTg+PY0TPDl3sQXeiMLy5es+YFvBoU/uGXuMCaSRXN3A50QW1nzTptqmpRqZsRbt7xWuEC0XI2nWC57vXL7bZxCPq2d3q9QV1R1W2Me0KKDHT/BsT8VHufDZun/QlaEzK3Lox71JTT/8pwwwwsdotZD44I/9rosx+9PUy737x5L7eBiZlnQ3/Pr1xHTTGJYUCqdsyAsB9c4qp4vyCTJfQNCtzxp7Ffr/3UHOCRwGhCVS9o279gPdTwM4WK9C/GbhQwS80Jz/N9CjWNDHVIfx52rUB root@ubuntu-xenial
-----END SSH HOST KEY KEYS-----
[   11.798730] cloud-init[1355]: Cloud-init v. 21.1-19-gbad84ad4-0ubuntu1~16.04.2 running 'modules:final' at Fri, 25 Feb 2022 16:48:30 +0000. Up 11.65 seconds.
[   11.800569] cloud-init[1355]: ci-info: no authorized SSH keys fingerprints found for user ubuntu.
[   11.801850] cloud-init[1355]: Cloud-init v. 21.1-19-gbad84ad4-0ubuntu1~16.04.2 finished at Fri, 25 Feb 2022 16:48:30 +0000. Datasource DataSourceNoCloud [seed=/dev/sdb][dsmode=net].  Up 11.79 seconds
[[0;32m  OK  [0m] Started Execute cloud user/final scripts.
[[0;32m  OK  [0m] Reached target Cloud-init target.

Ubuntu 16.04.7 LTS ubuntu-xenial ttyS0

ubuntu-xenial login: 